2019-03-13 21:13:02 DEBUG Controller:17 - getEntity method is called!
2019-03-13 21:13:02 DEBUG Controller:31 - getEntity method is successfully completed
2019-03-14 08:34:15 DEBUG Controller:17 - getEntity method is called!
2019-03-14 08:34:15 DEBUG Controller:31 - getEntity method is successfully completed
2019-03-14 08:34:16 DEBUG Controller:17 - getEntity method is called!
2019-03-14 08:34:16 ERROR Controller:50 - Invalid params! Need parameter string
2019-03-14 08:34:16 DEBUG Controller:17 - getEntity method is called!
2019-03-14 08:34:16 DEBUG Controller:31 - getEntity method is successfully completed
2019-03-14 08:36:55 DEBUG Controller:17 - getEntity method is called!
2019-03-14 08:36:55 DEBUG Controller:31 - getEntity method is successfully completed
2019-03-14 08:38:32 DEBUG Controller:17 - getEntity method is called!
2019-03-14 08:38:32 ERROR Controller:51 - Invalid params! Need parameter string
2019-03-14 08:38:52 DEBUG Controller:17 - getEntity method is called!
2019-03-14 08:38:52 ERROR Controller:51 - Invalid params! Need parameter string
2019-03-14 08:40:50 DEBUG Controller:17 - getEntity method is called!
2019-03-14 08:40:50 DEBUG Controller:32 - getEntity method is successfully completed
2019-03-14 08:40:50 DEBUG Controller:17 - getEntity method is called!
2019-03-14 08:40:50 ERROR Controller:51 - Invalid params! Need parameter symbol
2019-03-14 08:40:50 DEBUG Controller:17 - getEntity method is called!
2019-03-14 08:40:50 ERROR Controller:51 - Invalid params! Need parameter string
2019-03-14 08:40:50 DEBUG Controller:17 - getEntity method is called!
2019-03-14 08:40:50 DEBUG Controller:32 - getEntity method is successfully completed
2019-03-14 08:42:08 DEBUG Controller:17 - getEntity method is called!
2019-03-14 08:42:08 DEBUG Controller:32 - getEntity method is successfully completed
2019-03-14 08:42:16 DEBUG Controller:17 - getEntity method is called!
2019-03-14 08:42:16 DEBUG Controller:32 - getEntity method is successfully completed
2019-03-14 08:42:16 DEBUG Controller:17 - getEntity method is called!
2019-03-14 08:42:16 ERROR Controller:51 - Invalid params! Need parameter symbol
2019-03-14 08:42:16 DEBUG Controller:17 - getEntity method is called!
2019-03-14 08:42:16 ERROR Controller:51 - Invalid params! Need parameter string
2019-03-14 08:42:16 DEBUG Controller:17 - getEntity method is called!
2019-03-14 08:42:16 ERROR Controller:51 - Invalid params! Param symbol must be char
2019-03-14 08:42:16 DEBUG Controller:17 - getEntity method is called!
2019-03-14 08:42:16 DEBUG Controller:32 - getEntity method is successfully completed
2019-03-14 08:53:58 DEBUG Controller:17 - getEntity method is called!
2019-03-14 08:53:58 DEBUG Controller:32 - getEntity method is successfully completed
2019-03-14 08:53:58 DEBUG Controller:17 - getEntity method is called!
2019-03-14 08:53:58 ERROR Controller:51 - Invalid params! Need parameter symbol
2019-03-14 08:53:58 DEBUG Controller:17 - getEntity method is called!
2019-03-14 08:53:58 ERROR Controller:51 - Invalid params! Need parameter string
2019-03-14 08:53:58 DEBUG Controller:17 - getEntity method is called!
2019-03-14 08:53:58 ERROR Controller:51 - Invalid params! Param symbol must be char
2019-03-14 08:53:58 DEBUG Controller:17 - getEntity method is called!
2019-03-14 08:53:58 DEBUG Controller:32 - getEntity method is successfully completed
2019-03-14 09:21:30 DEBUG Controller:17 - getEntity method is called!
2019-03-14 09:21:30 DEBUG Controller:32 - getEntity method is successfully completed
2019-03-14 09:21:30 DEBUG Controller:17 - getEntity method is called!
2019-03-14 09:21:30 ERROR Controller:51 - Invalid params! Need parameter symbol
2019-03-14 09:21:30 DEBUG Controller:17 - getEntity method is called!
2019-03-14 09:21:30 ERROR Controller:51 - Invalid params! Need parameter string
2019-03-14 09:21:30 DEBUG Controller:17 - getEntity method is called!
2019-03-14 09:21:30 ERROR Controller:51 - Invalid params! Param symbol must be char
2019-03-14 09:21:30 DEBUG Controller:17 - getEntity method is called!
2019-03-14 09:21:30 DEBUG Controller:32 - getEntity method is successfully completed
2019-03-27 22:23:37 DEBUG Service:35 - getEntity method is called!
2019-03-27 22:23:37 DEBUG Service:50 - getEntity method is successfully completed
2019-03-27 22:23:37 INFO  CacheMap:23 - Component added into cache
2019-03-27 22:29:25 DEBUG Service:35 - getEntity method is called!
2019-03-27 22:29:25 DEBUG Service:50 - getEntity method is successfully completed
2019-03-27 22:29:25 INFO  CacheMap:23 - Component added into cache
2019-03-27 22:29:49 DEBUG Service:35 - getEntity method is called!
2019-03-27 22:29:49 DEBUG Service:50 - getEntity method is successfully completed
2019-03-27 22:29:50 DEBUG Service:35 - getEntity method is called!
2019-03-27 22:29:50 DEBUG Service:50 - getEntity method is successfully completed
2019-03-27 22:30:13 DEBUG Service:35 - getEntity method is called!
2019-03-27 22:30:13 DEBUG Service:50 - getEntity method is successfully completed
2019-03-27 22:30:13 INFO  CacheMap:23 - Component added into cache
2019-03-27 22:30:49 DEBUG Service:35 - getEntity method is called!
2019-03-27 22:30:49 DEBUG Service:50 - getEntity method is successfully completed
2019-03-27 22:31:00 DEBUG Service:35 - getEntity method is called!
2019-03-27 22:31:00 DEBUG Service:50 - getEntity method is successfully completed
2019-03-27 22:31:00 INFO  CacheMap:23 - Component added into cache
2019-03-27 22:32:28 DEBUG Service:35 - getEntity method is called!
2019-03-27 22:32:28 DEBUG Service:50 - getEntity method is successfully completed
2019-03-27 22:32:28 INFO  CacheMap:23 - Component added into cache
2019-03-27 22:32:38 DEBUG Service:35 - getEntity method is called!
2019-03-27 22:32:38 DEBUG Service:50 - getEntity method is successfully completed
2019-03-27 22:32:55 DEBUG Service:35 - getEntity method is called!
2019-03-27 22:32:55 ERROR Service:79 - Invalid params! Need parameter symbol
2019-03-27 22:34:24 DEBUG Service:35 - getEntity method is called!
2019-03-27 22:34:24 DEBUG Service:50 - getEntity method is successfully completed
2019-03-27 22:34:24 INFO  CacheMap:23 - Component added into cache
2019-03-27 22:34:31 DEBUG Service:35 - getEntity method is called!
2019-03-27 22:34:31 DEBUG Service:50 - getEntity method is successfully completed
2019-03-27 22:47:39 DEBUG Service:34 - getEntity method is called!
2019-03-27 22:47:39 DEBUG Service:49 - getEntity method is successfully completed
2019-03-27 22:47:39 INFO  CacheMap:22 - Component added into cache
2019-03-27 22:47:48 DEBUG Service:34 - getEntity method is called!
2019-03-27 22:47:48 DEBUG Service:49 - getEntity method is successfully completed
2019-03-27 22:48:54 DEBUG Service:34 - getEntity method is called!
2019-03-27 22:48:54 DEBUG Service:49 - getEntity method is successfully completed
2019-03-27 22:48:54 INFO  CacheMap:22 - Component added into cache
